Build started 12/10/2015 6:05:39 PM.
     1>Project "C:\Users\viral\Documents\Visual Studio 2012\Projects\MandelbrotSetZoom2\MandelbrotSetZoom2\MandelbrotSetZoom2.vcxproj" on node 2 (Build target(s)).
     1>AddCudaCompileDeps:
         C:\Program Files (x86)\Microsoft Visual Studio 11.0\VC\bin\cl.exe /E /nologo /showIncludes /TP /D__CUDACC__ /DWIN32 /DNDEBUG /D_CONSOLE /D_MBCS /I"C:\Program Files\NVIDIA GPU Computing Toolkit\CUDA\v7.5\include" /I"C:\Program Files\NVIDIA GPU Computing Toolkit\CUDA\v7.5\bin" /I"C:\Program Files\NVIDIA GPU Computing Toolkit\CUDA\v7.5\include" /I. /FIcuda_runtime.h /c "C:\Users\viral\Documents\Visual Studio 2012\Projects\MandelbrotSetZoom2\MandelbrotSetZoom2\kernel.cu" 
       CudaBuild:
         Compiling CUDA source file kernel.cu...
         cmd.exe /C "C:\Users\viral\AppData\Local\Temp\tmpaadd7bce63aa4311b4399198fc453f80.cmd"
         "C:\Program Files\NVIDIA GPU Computing Toolkit\CUDA\v7.5\bin\nvcc.exe" -gencode=arch=compute_20,code=\"sm_20,compute_20\" --use-local-env --cl-version 2012 -ccbin "C:\Program Files (x86)\Microsoft Visual Studio 11.0\VC\bin"  -I"C:\Program Files\NVIDIA GPU Computing Toolkit\CUDA\v7.5\include" -I"C:\Program Files\NVIDIA GPU Computing Toolkit\CUDA\v7.5\include"     --keep-dir Release -maxrregcount=0  --machine 32 --compile -cudart static     -DWIN32 -DNDEBUG -D_CONSOLE -D_MBCS -Xcompiler "/EHsc /W3 /nologo /O2 /Zi  /MD " -o Release\kernel.cu.obj "C:\Users\viral\Documents\Visual Studio 2012\Projects\MandelbrotSetZoom2\MandelbrotSetZoom2\kernel.cu"
         
         C:\Users\viral\Documents\Visual Studio 2012\Projects\MandelbrotSetZoom2\MandelbrotSetZoom2>"C:\Program Files\NVIDIA GPU Computing Toolkit\CUDA\v7.5\bin\nvcc.exe" -gencode=arch=compute_20,code=\"sm_20,compute_20\" --use-local-env --cl-version 2012 -ccbin "C:\Program Files (x86)\Microsoft Visual Studio 11.0\VC\bin"  -I"C:\Program Files\NVIDIA GPU Computing Toolkit\CUDA\v7.5\include" -I"C:\Program Files\NVIDIA GPU Computing Toolkit\CUDA\v7.5\include"     --keep-dir Release -maxrregcount=0  --machine 32 --compile -cudart static     -DWIN32 -DNDEBUG -D_CONSOLE -D_MBCS -Xcompiler "/EHsc /W3 /nologo /O2 /Zi  /MD " -o Release\kernel.cu.obj "C:\Users\viral\Documents\Visual Studio 2012\Projects\MandelbrotSetZoom2\MandelbrotSetZoom2\kernel.cu" 
         kernel.cu
       ClCompile:
         C:\Program Files (x86)\Microsoft Visual Studio 11.0\VC\bin\CL.exe /c /I"C:\Program Files\NVIDIA GPU Computing Toolkit\CUDA\v7.5\include" /Zi /nologo /W3 /WX- /O2 /Oi /Oy- /GL /D WIN32 /D NDEBUG /D _CONSOLE /D _MBCS /Gm- /EHsc /MD /GS /Gy /fp:precise /Zc:wchar_t /Zc:forScope /Fo"Release\\" /Fd"Release\vc110.pdb" /Gd /TP /analyze- /errorReport:prompt main.cpp
         main.cpp
     1>main.cpp(129): warning C4244: 'argument' : conversion from 'GLdouble' to 'GLfloat', possible loss of data
     1>main.cpp(213): warning C4244: 'argument' : conversion from 'GLdouble' to 'GLfloat', possible loss of data
       Link:
         C:\Program Files (x86)\Microsoft Visual Studio 11.0\VC\bin\link.exe /ERRORREPORT:PROMPT /OUT:"C:\Users\viral\Documents\Visual Studio 2012\Projects\MandelbrotSetZoom2\Release\MandelbrotSetZoom2.exe" /NOLOGO /LIBPATH:"C:\Program Files\NVIDIA GPU Computing Toolkit\CUDA\v7.5\lib\Win32" cudart.lib kernel32.lib user32.lib gdi32.lib winspool.lib comdlg32.lib advapi32.lib shell32.lib ole32.lib oleaut32.lib uuid.lib odbc32.lib odbccp32.lib kernel32.lib user32.lib gdi32.lib winspool.lib comdlg32.lib advapi32.lib shell32.lib ole32.lib oleaut32.lib uuid.lib odbc32.lib odbccp32.lib /MANIFEST /MANIFESTUAC:"level='asInvoker' uiAccess='false'" /manifest:embed /DEBUG /PDB:"C:\Users\viral\Documents\Visual Studio 2012\Projects\MandelbrotSetZoom2\Release\MandelbrotSetZoom2.pdb" /SUBSYSTEM:CONSOLE /OPT:REF /OPT:ICF /LTCG /TLBID:1 /DYNAMICBASE /NXCOMPAT /IMPLIB:"C:\Users\viral\Documents\Visual Studio 2012\Projects\MandelbrotSetZoom2\Release\MandelbrotSetZoom2.lib" /MACHINE:X86 /SAFESEH Release\kernel.cu.obj
         Release\main.obj
         Generating code
         Finished generating code
         MandelbrotSetZoom2.vcxproj -> C:\Users\viral\Documents\Visual Studio 2012\Projects\MandelbrotSetZoom2\Release\MandelbrotSetZoom2.exe
       PostBuildEvent:
         echo copy "C:\Program Files\NVIDIA GPU Computing Toolkit\CUDA\v7.5\bin\cudart*.dll" "C:\Users\viral\Documents\Visual Studio 2012\Projects\MandelbrotSetZoom2\Release\"
         copy "C:\Program Files\NVIDIA GPU Computing Toolkit\CUDA\v7.5\bin\cudart*.dll" "C:\Users\viral\Documents\Visual Studio 2012\Projects\MandelbrotSetZoom2\Release\"
         :VCEnd
         copy "C:\Program Files\NVIDIA GPU Computing Toolkit\CUDA\v7.5\bin\cudart*.dll" "C:\Users\viral\Documents\Visual Studio 2012\Projects\MandelbrotSetZoom2\Release\"
         C:\Program Files\NVIDIA GPU Computing Toolkit\CUDA\v7.5\bin\cudart32_75.dll
         C:\Program Files\NVIDIA GPU Computing Toolkit\CUDA\v7.5\bin\cudart64_75.dll
                 2 file(s) copied.
     1>Done Building Project "C:\Users\viral\Documents\Visual Studio 2012\Projects\MandelbrotSetZoom2\MandelbrotSetZoom2\MandelbrotSetZoom2.vcxproj" (Build target(s)).

Build succeeded.

Time Elapsed 00:00:05.77
