C:\USERS\VIRAL\DOCUMENTS\VISUAL STUDIO 2012\PROJECTS\MANDELBROTSETZOOM2\MANDELBROTSETZOOM2\DEBUG\MAIN.OBJ
C:\USERS\VIRAL\DOCUMENTS\VISUAL STUDIO 2012\PROJECTS\MANDELBROTSETZOOM2\MANDELBROTSETZOOM2\DEBUG\VC110.PDB
C:\USERS\VIRAL\DOCUMENTS\VISUAL STUDIO 2012\PROJECTS\MANDELBROTSETZOOM2\DEBUG\MANDELBROTSETZOOM2.ILK
C:\USERS\VIRAL\DOCUMENTS\VISUAL STUDIO 2012\PROJECTS\MANDELBROTSETZOOM2\DEBUG\MANDELBROTSETZOOM2.EXE
C:\USERS\VIRAL\DOCUMENTS\VISUAL STUDIO 2012\PROJECTS\MANDELBROTSETZOOM2\DEBUG\MANDELBROTSETZOOM2.PDB
C:\Users\viral\Documents\Visual Studio 2012\Projects\MandelbrotSetZoom2\MandelbrotSetZoom2\Debug\kernel.cu.cache
C:\Users\viral\Documents\Visual Studio 2012\Projects\MandelbrotSetZoom2\MandelbrotSetZoom2\Debug\kernel.cu.obj
C:\Users\viral\Documents\Visual Studio 2012\Projects\MandelbrotSetZoom2\MandelbrotSetZoom2\Debug\main.obj
C:\Users\viral\Documents\Visual Studio 2012\Projects\MandelbrotSetZoom2\MandelbrotSetZoom2\Debug\cl.command.1.tlog
C:\Users\viral\Documents\Visual Studio 2012\Projects\MandelbrotSetZoom2\MandelbrotSetZoom2\Debug\CL.read.1.tlog
C:\Users\viral\Documents\Visual Studio 2012\Projects\MandelbrotSetZoom2\MandelbrotSetZoom2\Debug\CL.write.1.tlog
C:\Users\viral\Documents\Visual Studio 2012\Projects\MandelbrotSetZoom2\MandelbrotSetZoom2\Debug\link-cvtres.read.1.tlog
C:\Users\viral\Documents\Visual Studio 2012\Projects\MandelbrotSetZoom2\MandelbrotSetZoom2\Debug\link-cvtres.write.1.tlog
C:\Users\viral\Documents\Visual Studio 2012\Projects\MandelbrotSetZoom2\MandelbrotSetZoom2\Debug\link-rc.read.1.tlog
C:\Users\viral\Documents\Visual Studio 2012\Projects\MandelbrotSetZoom2\MandelbrotSetZoom2\Debug\link-rc.write.1.tlog
C:\Users\viral\Documents\Visual Studio 2012\Projects\MandelbrotSetZoom2\MandelbrotSetZoom2\Debug\link.command.1.tlog
C:\Users\viral\Documents\Visual Studio 2012\Projects\MandelbrotSetZoom2\MandelbrotSetZoom2\Debug\link.read.1.tlog
C:\Users\viral\Documents\Visual Studio 2012\Projects\MandelbrotSetZoom2\MandelbrotSetZoom2\Debug\link.write.1.tlog
C:\Users\viral\Documents\Visual Studio 2012\Projects\MandelbrotSetZoom2\MandelbrotSetZoom2\Debug\vc110.idb
C:\Users\viral\Documents\Visual Studio 2012\Projects\MandelbrotSetZoom2\MandelbrotSetZoom2\Debug\vc110.pdb
C:\Users\viral\Documents\Visual Studio 2012\Projects\MandelbrotSetZoom2\Debug\MandelbrotSetZoom2.pdb
C:\Users\viral\Documents\Visual Studio 2012\Projects\MandelbrotSetZoom2\Debug\MandelbrotSetZoom2.exe
C:\Users\viral\Documents\Visual Studio 2012\Projects\MandelbrotSetZoom2\Debug\MandelbrotSetZoom2.ilk
